<?xml version="1.1" encoding="UTF-8"?>
<testsuite name="ctu.hanns.logic.gates.All" tests="5" failures="0" errors="0" timestamp="2013-10-19T08:59:32" hostname="localhost" time="0.007">
  <properties/>
  <testcase name="and" classname="ctu.hanns.logic.gates.All" time="0.004"/>
  <testcase name="or" classname="ctu.hanns.logic.gates.All" time="0.0"/>
  <testcase name="xor" classname="ctu.hanns.logic.gates.All" time="0.001"/>
  <testcase name="not" classname="ctu.hanns.logic.gates.All" time="0.001"/>
  <testcase name="nand" classname="ctu.hanns.logic.gates.All" time="0.0"/>
  <system-out><![CDATA[]]></system-out>
  <system-err><![CDATA[]]></system-err>
</testsuite>
